<?xml version="1.0" encoding="UTF-8"?>
<testng-results skipped="0" failed="0" ignored="0" total="1" passed="1">
  <reporter-output>
  </reporter-output>
  <suite name="Default suite" duration-ms="51541" started-at="2018-09-11T06:08:41Z" finished-at="2018-09-11T06:09:33Z">
    <groups>
    </groups>
    <test name="Default test" duration-ms="51541" started-at="2018-09-11T06:08:41Z" finished-at="2018-09-11T06:09:33Z">
      <class name="Nxt.Minds">
        <test-method status="PASS" signature="main()[pri:0, instance:Nxt.Minds@4d3167f4]" name="main" duration-ms="26448" started-at="2018-09-11T06:08:41Z" finished-at="2018-09-11T06:09:08Z">
          <reporter-output>
          </reporter-output>
        </test-method> <!-- main -->
        <test-method status="PASS" signature="skip()[pri:0, instance:Nxt.Minds@4d3167f4]" name="skip" is-config="true" duration-ms="25063" started-at="2018-09-11T06:09:08Z" finished-at="2018-09-11T06:09:33Z">
          <reporter-output>
          </reporter-output>
        </test-method> <!-- skip -->
      </class> <!-- Nxt.Minds -->
    </test> <!-- Default test -->
  </suite> <!-- Default suite -->
</testng-results>
