<?xml version="1.0" encoding="UTF-8"?>
<testng-results skipped="0" failed="0" ignored="0" total="1" passed="1">
  <reporter-output>
  </reporter-output>
  <suite name="Suite" duration-ms="155282" started-at="2018-09-12T06:47:43Z" finished-at="2018-09-12T06:50:18Z">
    <groups>
    </groups>
    <test name="Test" duration-ms="155282" started-at="2018-09-12T06:47:43Z" finished-at="2018-09-12T06:50:18Z">
      <class name="Nxt.Minds">
        <test-method status="PASS" signature="main()[pri:0, instance:Nxt.Minds@1e6d1014]" name="main" duration-ms="28975" started-at="2018-09-12T06:47:43Z" finished-at="2018-09-12T06:48:12Z">
          <reporter-output>
          </reporter-output>
        </test-method> <!-- main -->
        <test-method status="PASS" signature="skip()[pri:0, instance:Nxt.Minds@1e6d1014]" name="skip" is-config="true" duration-ms="126274" started-at="2018-09-12T06:48:12Z" finished-at="2018-09-12T06:50:18Z">
          <reporter-output>
          </reporter-output>
        </test-method> <!-- skip -->
      </class> <!-- Nxt.Minds -->
    </test> <!-- Test -->
  </suite> <!-- Suite -->
</testng-results>
