<?xml version="1.0" encoding="UTF-8"?>
<!-- Generated by org.testng.reporters.JUnitXMLReporter -->
<testsuite hostname="DESKTOP-9BMLCIN" ignored="1" name="Default test" tests="2" failures="0" timestamp="12 Sep 2018 07:24:24 GMT" time="0.078" errors="0">
  <testcase name="testCase1" time="0.013" classname="Nxt.NewTest"/>
  <testcase name="testCase2" time="0.003" classname="Nxt.NewTest"/>
  <testcase name="skiptest" time="0.0" classname="Nxt.NewTest">
    <ignored/>
  </testcase> <!-- skiptest -->
</testsuite> <!-- Default test -->
